<?xml version="1.0" encoding="UTF-8"?>
<!-- Generated by org.testng.reporters.JUnitReportReporter -->
<testsuite hostname="DESKTOP-UM06P4R" failures="0" tests="2" name="com.sdetadda.allure.GetPostAllure" time="2.578" errors="0" timestamp="2025-02-17T19:08:50 IST" skipped="0">
  <testcase classname="com.sdetadda.allure.GetPostAllure" name="testcaseget" time="2.163"/>
  <testcase classname="com.sdetadda.allure.GetPostAllure" name="testcasepost" time="0.415"/>
</testsuite> <!-- com.sdetadda.allure.GetPostAllure -->
