<?xml version="1.0" encoding="UTF-8"?>
<!-- Generated by org.testng.reporters.JUnitReportReporter -->
<testsuite hostname="DESKTOP-UM06P4R" failures="0" tests="2" name="test1.TestExamples" time="4.124" errors="0" timestamp="2025-02-15T16:59:43 IST" skipped="0">
  <testcase classname="test1.TestExamples" name="Test_2" time="3.965"/>
  <testcase classname="test1.TestExamples" name="test_1" time="0.159"/>
</testsuite> <!-- test1.TestExamples -->
