<?xml version="1.0" encoding="UTF-8"?>
<!-- Generated by org.testng.reporters.JUnitReportReporter -->
<testsuite hostname="DESKTOP-UM06P4R" failures="0" tests="1" name="test1.PutPatchDel" time="2.503" errors="0" timestamp="2025-02-16T00:11:05 IST" skipped="0">
  <testcase classname="test1.PutPatchDel" name="testput" time="2.503"/>
</testsuite> <!-- test1.PutPatchDel -->
