<?xml version="1.0" encoding="UTF-8"?>
<!-- Generated by org.testng.reporters.JUnitReportReporter -->
<testsuite hostname="DESKTOP-UM06P4R" failures="0" tests="1" name="test1.GetAndPost" time="3.288" errors="0" timestamp="2025-02-15T23:36:18 IST" skipped="0">
  <testcase classname="test1.GetAndPost" name="testPost" time="3.288"/>
</testsuite> <!-- test1.GetAndPost -->
