<?xml version="1.0" encoding="UTF-8"?>
<!-- Generated by org.testng.reporters.JUnitReportReporter -->
<testsuite hostname="DESKTOP-UM06P4R" failures="0" tests="2" name="com.sdetadda.allure.PutDeleteAllure" time="0.739" errors="0" timestamp="2025-02-17T19:08:50 IST" skipped="0">
  <testcase classname="com.sdetadda.allure.PutDeleteAllure" name="testcasedelete" time="0.427"/>
  <testcase classname="com.sdetadda.allure.PutDeleteAllure" name="testcaseput" time="0.312"/>
</testsuite> <!-- com.sdetadda.allure.PutDeleteAllure -->
